2024-10-15 11:05:47 [main] INFO  com.bidsystem.bid.BidApplication - Starting BidApplication using Java 23 with PID 9492 (C:\Users\gram\Desktop\bidserver\target\classes started by gram in C:\Users\gram\Desktop\bidserver)
2024-10-15 11:05:47 [main] INFO  com.bidsystem.bid.BidApplication - No active profile set, falling back to 1 default profile: "default"
2024-10-15 11:05:48 [main] INFO  o.s.d.r.c.RepositoryConfigurationDelegate - Multiple Spring Data modules found, entering strict repository configuration mode
2024-10-15 11:05:48 [main] INFO  o.s.d.r.c.RepositoryConfigurationDelegate - Bootstrapping Spring Data Redis repositories in DEFAULT mode.
2024-10-15 11:05:48 [main] INFO  o.s.d.r.c.RepositoryConfigurationDelegate - Finished Spring Data repository scanning in 21 ms. Found 0 Redis repository interfaces.
2024-10-15 11:05:48 [main] DEBUG o.m.s.mapper.ClassPathMapperScanner - Identified candidate component class: file [C:\Users\gram\Desktop\bidserver\target\classes\com\bidsystem\bid\mapper\AdminMapper.class]
2024-10-15 11:05:48 [main] DEBUG o.m.s.mapper.ClassPathMapperScanner - Identified candidate component class: file [C:\Users\gram\Desktop\bidserver\target\classes\com\bidsystem\bid\mapper\BidMapper.class]
2024-10-15 11:05:48 [main] DEBUG o.m.s.mapper.ClassPathMapperScanner - Identified candidate component class: file [C:\Users\gram\Desktop\bidserver\target\classes\com\bidsystem\bid\mapper\MatchMapper.class]
2024-10-15 11:05:48 [main] DEBUG o.m.s.mapper.ClassPathMapperScanner - Identified candidate component class: file [C:\Users\gram\Desktop\bidserver\target\classes\com\bidsystem\bid\mapper\SeatPriceMapper.class]
2024-10-15 11:05:48 [main] DEBUG o.m.s.mapper.ClassPathMapperScanner - Identified candidate component class: file [C:\Users\gram\Desktop\bidserver\target\classes\com\bidsystem\bid\mapper\UserMapper.class]
2024-10-15 11:05:48 [main] DEBUG o.m.s.mapper.ClassPathMapperScanner - Identified candidate component class: file [C:\Users\gram\Desktop\bidserver\target\classes\com\bidsystem\bid\mapper\VenueMapper.class]
2024-10-15 11:05:48 [main] DEBUG o.m.s.mapper.ClassPathMapperScanner - Creating MapperFactoryBean with name 'adminMapper' and 'com.bidsystem.bid.mapper.AdminMapper' mapperInterface
2024-10-15 11:05:48 [main] DEBUG o.m.s.mapper.ClassPathMapperScanner - Enabling autowire by type for MapperFactoryBean with name 'adminMapper'.
2024-10-15 11:05:48 [main] DEBUG o.m.s.mapper.ClassPathMapperScanner - Creating MapperFactoryBean with name 'bidMapper' and 'com.bidsystem.bid.mapper.BidMapper' mapperInterface
2024-10-15 11:05:48 [main] DEBUG o.m.s.mapper.ClassPathMapperScanner - Enabling autowire by type for MapperFactoryBean with name 'bidMapper'.
2024-10-15 11:05:48 [main] DEBUG o.m.s.mapper.ClassPathMapperScanner - Creating MapperFactoryBean with name 'matchMapper' and 'com.bidsystem.bid.mapper.MatchMapper' mapperInterface
2024-10-15 11:05:48 [main] DEBUG o.m.s.mapper.ClassPathMapperScanner - Enabling autowire by type for MapperFactoryBean with name 'matchMapper'.
2024-10-15 11:05:48 [main] DEBUG o.m.s.mapper.ClassPathMapperScanner - Creating MapperFactoryBean with name 'seatPriceMapper' and 'com.bidsystem.bid.mapper.SeatPriceMapper' mapperInterface
2024-10-15 11:05:48 [main] DEBUG o.m.s.mapper.ClassPathMapperScanner - Enabling autowire by type for MapperFactoryBean with name 'seatPriceMapper'.
2024-10-15 11:05:48 [main] DEBUG o.m.s.mapper.ClassPathMapperScanner - Creating MapperFactoryBean with name 'userMapper' and 'com.bidsystem.bid.mapper.UserMapper' mapperInterface
2024-10-15 11:05:48 [main] DEBUG o.m.s.mapper.ClassPathMapperScanner - Enabling autowire by type for MapperFactoryBean with name 'userMapper'.
2024-10-15 11:05:48 [main] DEBUG o.m.s.mapper.ClassPathMapperScanner - Creating MapperFactoryBean with name 'venueMapper' and 'com.bidsystem.bid.mapper.VenueMapper' mapperInterface
2024-10-15 11:05:48 [main] DEBUG o.m.s.mapper.ClassPathMapperScanner - Enabling autowire by type for MapperFactoryBean with name 'venueMapper'.
2024-10-15 11:05:49 [main] INFO  o.s.b.w.e.tomcat.TomcatWebServer - Tomcat initialized with port(s): 5000 (http)
2024-10-15 11:05:49 [main] INFO  o.a.coyote.http11.Http11NioProtocol - Initializing ProtocolHandler ["http-nio-5000"]
2024-10-15 11:05:49 [main] INFO  o.a.catalina.core.StandardService - Starting service [Tomcat]
2024-10-15 11:05:49 [main] INFO  o.a.catalina.core.StandardEngine - Starting Servlet engine: [Apache Tomcat/10.1.15]
2024-10-15 11:05:49 [main] INFO  o.apache.jasper.servlet.TldScanner - At least one JAR was scanned for TLDs yet contained no TLDs. Enable debug logging for this logger for a complete list of JARs that were scanned but no TLDs were found in them. Skipping unneeded JARs during scanning can improve startup time and JSP compilation time.
2024-10-15 11:05:49 [main] INFO  o.a.c.c.C.[Tomcat].[localhost].[/] - Initializing Spring embedded WebApplicationContext
2024-10-15 11:05:49 [main] INFO  o.s.b.w.s.c.ServletWebServerApplicationContext - Root WebApplicationContext: initialization completed in 1917 ms
2024-10-15 11:05:49 [main] DEBUG o.m.spring.SqlSessionFactoryBean - Property 'configuration' or 'configLocation' not specified, using default MyBatis Configuration
2024-10-15 11:05:50 [main] DEBUG o.m.spring.SqlSessionFactoryBean - Parsed mapper file: 'file [C:\Users\gram\Desktop\bidserver\target\classes\mapper\AdminMapper.xml]'
2024-10-15 11:05:50 [main] DEBUG o.m.spring.SqlSessionFactoryBean - Parsed mapper file: 'file [C:\Users\gram\Desktop\bidserver\target\classes\mapper\BidMapper.xml]'
2024-10-15 11:05:50 [main] DEBUG o.m.spring.SqlSessionFactoryBean - Parsed mapper file: 'file [C:\Users\gram\Desktop\bidserver\target\classes\mapper\MatchMapper.xml]'
2024-10-15 11:05:50 [main] DEBUG o.m.spring.SqlSessionFactoryBean - Parsed mapper file: 'file [C:\Users\gram\Desktop\bidserver\target\classes\mapper\player_SQL.xml]'
2024-10-15 11:05:50 [main] DEBUG o.m.spring.SqlSessionFactoryBean - Parsed mapper file: 'file [C:\Users\gram\Desktop\bidserver\target\classes\mapper\SeatPriceMapper.xml]'
2024-10-15 11:05:50 [main] DEBUG o.m.spring.SqlSessionFactoryBean - Parsed mapper file: 'file [C:\Users\gram\Desktop\bidserver\target\classes\mapper\UserMapper.xml]'
2024-10-15 11:05:50 [main] DEBUG o.m.spring.SqlSessionFactoryBean - Parsed mapper file: 'file [C:\Users\gram\Desktop\bidserver\target\classes\mapper\VenueMapper.xml]'
2024-10-15 11:05:50 [main] WARN  o.s.b.a.s.s.UserDetailsServiceAutoConfiguration - 

Using generated security password: b09e6670-46ba-44b4-94b4-4c2da23cb8da

This generated password is for development use only. Your security configuration must be updated before running your application in production.

2024-10-15 11:05:50 [main] INFO  com.bidsystem.bid.BidApplication - 

==================== BidApplication에서 CORS configuration 이 적용됩니다. ====================

2024-10-15 11:05:50 [main] INFO  c.b.bid.config.SecurityConfig - 
======================== SecurityFilterChain 초기화가 시작됩니다...

2024-10-15 11:05:50 [main] INFO  c.b.bid.config.SecurityConfig - 

======================== Authorization rules 적용됨.

2024-10-15 11:05:50 [main] INFO  o.s.s.web.DefaultSecurityFilterChain - Will secure any request with [org.springframework.security.web.session.DisableEncodeUrlFilter@520a95ff, org.springframework.security.web.context.request.async.WebAsyncManagerIntegrationFilter@30afb481, org.springframework.security.web.context.SecurityContextHolderFilter@1a345298, org.springframework.security.web.header.HeaderWriterFilter@67e6eb52, org.springframework.security.web.authentication.logout.LogoutFilter@78545d40, com.bidsystem.bid.config.SecurityConfig$CustomLoggingFilter@5c573229, org.springframework.security.web.authentication.www.BasicAuthenticationFilter@696174d3, org.springframework.security.web.savedrequest.RequestCacheAwareFilter@c318864, org.springframework.security.web.servletapi.SecurityContextHolderAwareRequestFilter@4beae1e3, org.springframework.security.web.authentication.AnonymousAuthenticationFilter@77ecdc2b, org.springframework.security.web.access.ExceptionTranslationFilter@5731caaf, org.springframework.security.web.access.intercept.AuthorizationFilter@5c5c7cc4]
2024-10-15 11:05:51 [main] INFO  o.a.coyote.http11.Http11NioProtocol - Starting ProtocolHandler ["http-nio-5000"]
2024-10-15 11:05:51 [main] INFO  o.s.b.w.e.tomcat.TomcatWebServer - Tomcat started on port(s): 5000 (http) with context path ''
2024-10-15 11:05:51 [main] INFO  com.bidsystem.bid.BidApplication - Started BidApplication in 4.034 seconds (process running for 4.575)
2024-10-15 11:05:51 [main] INFO  com.bidsystem.bid.BidApplication - 

=================== BidApplication 이 시작되었습니다.

2024-10-15 11:08:21 [main] INFO  com.bidsystem.bid.BidApplication - Starting BidApplication using Java 23 with PID 1960 (C:\Users\gram\Desktop\bidserver\target\classes started by gram in C:\Users\gram\Desktop\bidserver)
2024-10-15 11:08:21 [main] INFO  com.bidsystem.bid.BidApplication - No active profile set, falling back to 1 default profile: "default"
2024-10-15 11:08:21 [main] INFO  o.s.d.r.c.RepositoryConfigurationDelegate - Multiple Spring Data modules found, entering strict repository configuration mode
2024-10-15 11:08:21 [main] INFO  o.s.d.r.c.RepositoryConfigurationDelegate - Bootstrapping Spring Data Redis repositories in DEFAULT mode.
2024-10-15 11:08:21 [main] INFO  o.s.d.r.c.RepositoryConfigurationDelegate - Finished Spring Data repository scanning in 13 ms. Found 0 Redis repository interfaces.
2024-10-15 11:08:21 [main] DEBUG o.m.s.mapper.ClassPathMapperScanner - Identified candidate component class: file [C:\Users\gram\Desktop\bidserver\target\classes\com\bidsystem\bid\mapper\AdminMapper.class]
2024-10-15 11:08:21 [main] DEBUG o.m.s.mapper.ClassPathMapperScanner - Identified candidate component class: file [C:\Users\gram\Desktop\bidserver\target\classes\com\bidsystem\bid\mapper\BidMapper.class]
2024-10-15 11:08:21 [main] DEBUG o.m.s.mapper.ClassPathMapperScanner - Identified candidate component class: file [C:\Users\gram\Desktop\bidserver\target\classes\com\bidsystem\bid\mapper\MatchMapper.class]
2024-10-15 11:08:21 [main] DEBUG o.m.s.mapper.ClassPathMapperScanner - Identified candidate component class: file [C:\Users\gram\Desktop\bidserver\target\classes\com\bidsystem\bid\mapper\SeatPriceMapper.class]
2024-10-15 11:08:21 [main] DEBUG o.m.s.mapper.ClassPathMapperScanner - Identified candidate component class: file [C:\Users\gram\Desktop\bidserver\target\classes\com\bidsystem\bid\mapper\UserMapper.class]
2024-10-15 11:08:21 [main] DEBUG o.m.s.mapper.ClassPathMapperScanner - Identified candidate component class: file [C:\Users\gram\Desktop\bidserver\target\classes\com\bidsystem\bid\mapper\VenueMapper.class]
2024-10-15 11:08:21 [main] DEBUG o.m.s.mapper.ClassPathMapperScanner - Creating MapperFactoryBean with name 'adminMapper' and 'com.bidsystem.bid.mapper.AdminMapper' mapperInterface
2024-10-15 11:08:21 [main] DEBUG o.m.s.mapper.ClassPathMapperScanner - Enabling autowire by type for MapperFactoryBean with name 'adminMapper'.
2024-10-15 11:08:21 [main] DEBUG o.m.s.mapper.ClassPathMapperScanner - Creating MapperFactoryBean with name 'bidMapper' and 'com.bidsystem.bid.mapper.BidMapper' mapperInterface
2024-10-15 11:08:21 [main] DEBUG o.m.s.mapper.ClassPathMapperScanner - Enabling autowire by type for MapperFactoryBean with name 'bidMapper'.
2024-10-15 11:08:21 [main] DEBUG o.m.s.mapper.ClassPathMapperScanner - Creating MapperFactoryBean with name 'matchMapper' and 'com.bidsystem.bid.mapper.MatchMapper' mapperInterface
2024-10-15 11:08:21 [main] DEBUG o.m.s.mapper.ClassPathMapperScanner - Enabling autowire by type for MapperFactoryBean with name 'matchMapper'.
2024-10-15 11:08:21 [main] DEBUG o.m.s.mapper.ClassPathMapperScanner - Creating MapperFactoryBean with name 'seatPriceMapper' and 'com.bidsystem.bid.mapper.SeatPriceMapper' mapperInterface
2024-10-15 11:08:21 [main] DEBUG o.m.s.mapper.ClassPathMapperScanner - Enabling autowire by type for MapperFactoryBean with name 'seatPriceMapper'.
2024-10-15 11:08:21 [main] DEBUG o.m.s.mapper.ClassPathMapperScanner - Creating MapperFactoryBean with name 'userMapper' and 'com.bidsystem.bid.mapper.UserMapper' mapperInterface
2024-10-15 11:08:21 [main] DEBUG o.m.s.mapper.ClassPathMapperScanner - Enabling autowire by type for MapperFactoryBean with name 'userMapper'.
2024-10-15 11:08:21 [main] DEBUG o.m.s.mapper.ClassPathMapperScanner - Creating MapperFactoryBean with name 'venueMapper' and 'com.bidsystem.bid.mapper.VenueMapper' mapperInterface
2024-10-15 11:08:21 [main] DEBUG o.m.s.mapper.ClassPathMapperScanner - Enabling autowire by type for MapperFactoryBean with name 'venueMapper'.
2024-10-15 11:08:22 [main] INFO  o.s.b.w.e.tomcat.TomcatWebServer - Tomcat initialized with port(s): 5000 (http)
2024-10-15 11:08:22 [main] INFO  o.a.coyote.http11.Http11NioProtocol - Initializing ProtocolHandler ["http-nio-5000"]
2024-10-15 11:08:22 [main] INFO  o.a.catalina.core.StandardService - Starting service [Tomcat]
2024-10-15 11:08:22 [main] INFO  o.a.catalina.core.StandardEngine - Starting Servlet engine: [Apache Tomcat/10.1.15]
2024-10-15 11:08:22 [main] INFO  o.apache.jasper.servlet.TldScanner - At least one JAR was scanned for TLDs yet contained no TLDs. Enable debug logging for this logger for a complete list of JARs that were scanned but no TLDs were found in them. Skipping unneeded JARs during scanning can improve startup time and JSP compilation time.
2024-10-15 11:08:22 [main] INFO  o.a.c.c.C.[Tomcat].[localhost].[/] - Initializing Spring embedded WebApplicationContext
2024-10-15 11:08:22 [main] INFO  o.s.b.w.s.c.ServletWebServerApplicationContext - Root WebApplicationContext: initialization completed in 1473 ms
2024-10-15 11:08:22 [main] DEBUG o.m.spring.SqlSessionFactoryBean - Property 'configuration' or 'configLocation' not specified, using default MyBatis Configuration
2024-10-15 11:08:22 [main] DEBUG o.m.spring.SqlSessionFactoryBean - Parsed mapper file: 'file [C:\Users\gram\Desktop\bidserver\target\classes\mapper\AdminMapper.xml]'
2024-10-15 11:08:23 [main] DEBUG o.m.spring.SqlSessionFactoryBean - Parsed mapper file: 'file [C:\Users\gram\Desktop\bidserver\target\classes\mapper\BidMapper.xml]'
2024-10-15 11:08:23 [main] DEBUG o.m.spring.SqlSessionFactoryBean - Parsed mapper file: 'file [C:\Users\gram\Desktop\bidserver\target\classes\mapper\MatchMapper.xml]'
2024-10-15 11:08:23 [main] DEBUG o.m.spring.SqlSessionFactoryBean - Parsed mapper file: 'file [C:\Users\gram\Desktop\bidserver\target\classes\mapper\player_SQL.xml]'
2024-10-15 11:08:23 [main] DEBUG o.m.spring.SqlSessionFactoryBean - Parsed mapper file: 'file [C:\Users\gram\Desktop\bidserver\target\classes\mapper\SeatPriceMapper.xml]'
2024-10-15 11:08:23 [main] DEBUG o.m.spring.SqlSessionFactoryBean - Parsed mapper file: 'file [C:\Users\gram\Desktop\bidserver\target\classes\mapper\UserMapper.xml]'
2024-10-15 11:08:23 [main] DEBUG o.m.spring.SqlSessionFactoryBean - Parsed mapper file: 'file [C:\Users\gram\Desktop\bidserver\target\classes\mapper\VenueMapper.xml]'
2024-10-15 11:08:23 [main] WARN  o.s.b.a.s.s.UserDetailsServiceAutoConfiguration - 

Using generated security password: d5d8db19-882c-4c4f-a83b-dc6337243be5

This generated password is for development use only. Your security configuration must be updated before running your application in production.

2024-10-15 11:08:23 [main] INFO  com.bidsystem.bid.BidApplication - 

==================== BidApplication에서 CORS configuration 이 적용됩니다. ====================

2024-10-15 11:08:23 [main] INFO  c.b.bid.config.SecurityConfig - 
======================== SecurityFilterChain 초기화가 시작됩니다...

2024-10-15 11:08:23 [main] INFO  c.b.bid.config.SecurityConfig - 

======================== Authorization rules 적용됨.

2024-10-15 11:08:23 [main] INFO  o.s.s.web.DefaultSecurityFilterChain - Will secure any request with [org.springframework.security.web.session.DisableEncodeUrlFilter@520a95ff, org.springframework.security.web.context.request.async.WebAsyncManagerIntegrationFilter@30afb481, org.springframework.security.web.context.SecurityContextHolderFilter@1a345298, org.springframework.security.web.header.HeaderWriterFilter@67e6eb52, org.springframework.security.web.authentication.logout.LogoutFilter@78545d40, com.bidsystem.bid.config.SecurityConfig$CustomLoggingFilter@5c573229, org.springframework.security.web.authentication.www.BasicAuthenticationFilter@696174d3, org.springframework.security.web.savedrequest.RequestCacheAwareFilter@c318864, org.springframework.security.web.servletapi.SecurityContextHolderAwareRequestFilter@4beae1e3, org.springframework.security.web.authentication.AnonymousAuthenticationFilter@77ecdc2b, org.springframework.security.web.access.ExceptionTranslationFilter@5731caaf, org.springframework.security.web.access.intercept.AuthorizationFilter@5c5c7cc4]
2024-10-15 11:08:24 [main] INFO  o.a.coyote.http11.Http11NioProtocol - Starting ProtocolHandler ["http-nio-5000"]
2024-10-15 11:08:24 [main] INFO  o.s.b.w.e.tomcat.TomcatWebServer - Tomcat started on port(s): 5000 (http) with context path ''
2024-10-15 11:08:24 [main] INFO  com.bidsystem.bid.BidApplication - Started BidApplication in 3.202 seconds (process running for 3.784)
2024-10-15 11:08:24 [main] INFO  com.bidsystem.bid.BidApplication - 

=================== BidApplication 이 시작되었습니다.

2024-10-15 11:08:59 [main] INFO  com.BidApplicationTests - Starting BidApplicationTests using Java 23 with PID 784 (started by gram in C:\Users\gram\Desktop\bidserver)
2024-10-15 11:08:59 [main] INFO  com.BidApplicationTests - No active profile set, falling back to 1 default profile: "default"
2024-10-15 11:09:00 [main] INFO  o.s.d.r.c.RepositoryConfigurationDelegate - Multiple Spring Data modules found, entering strict repository configuration mode
2024-10-15 11:09:00 [main] INFO  o.s.d.r.c.RepositoryConfigurationDelegate - Bootstrapping Spring Data Redis repositories in DEFAULT mode.
2024-10-15 11:09:00 [main] INFO  o.s.d.r.c.RepositoryConfigurationDelegate - Finished Spring Data repository scanning in 26 ms. Found 0 Redis repository interfaces.
2024-10-15 11:09:00 [main] DEBUG o.m.s.mapper.ClassPathMapperScanner - Identified candidate component class: file [C:\Users\gram\Desktop\bidserver\target\classes\com\bidsystem\bid\mapper\AdminMapper.class]
2024-10-15 11:09:00 [main] DEBUG o.m.s.mapper.ClassPathMapperScanner - Identified candidate component class: file [C:\Users\gram\Desktop\bidserver\target\classes\com\bidsystem\bid\mapper\BidMapper.class]
2024-10-15 11:09:00 [main] DEBUG o.m.s.mapper.ClassPathMapperScanner - Identified candidate component class: file [C:\Users\gram\Desktop\bidserver\target\classes\com\bidsystem\bid\mapper\MatchMapper.class]
2024-10-15 11:09:00 [main] DEBUG o.m.s.mapper.ClassPathMapperScanner - Identified candidate component class: file [C:\Users\gram\Desktop\bidserver\target\classes\com\bidsystem\bid\mapper\SeatPriceMapper.class]
2024-10-15 11:09:00 [main] DEBUG o.m.s.mapper.ClassPathMapperScanner - Identified candidate component class: file [C:\Users\gram\Desktop\bidserver\target\classes\com\bidsystem\bid\mapper\UserMapper.class]
2024-10-15 11:09:00 [main] DEBUG o.m.s.mapper.ClassPathMapperScanner - Identified candidate component class: file [C:\Users\gram\Desktop\bidserver\target\classes\com\bidsystem\bid\mapper\VenueMapper.class]
2024-10-15 11:09:00 [main] DEBUG o.m.s.mapper.ClassPathMapperScanner - Creating MapperFactoryBean with name 'adminMapper' and 'com.bidsystem.bid.mapper.AdminMapper' mapperInterface
2024-10-15 11:09:00 [main] DEBUG o.m.s.mapper.ClassPathMapperScanner - Enabling autowire by type for MapperFactoryBean with name 'adminMapper'.
2024-10-15 11:09:00 [main] DEBUG o.m.s.mapper.ClassPathMapperScanner - Creating MapperFactoryBean with name 'bidMapper' and 'com.bidsystem.bid.mapper.BidMapper' mapperInterface
2024-10-15 11:09:00 [main] DEBUG o.m.s.mapper.ClassPathMapperScanner - Enabling autowire by type for MapperFactoryBean with name 'bidMapper'.
2024-10-15 11:09:00 [main] DEBUG o.m.s.mapper.ClassPathMapperScanner - Creating MapperFactoryBean with name 'matchMapper' and 'com.bidsystem.bid.mapper.MatchMapper' mapperInterface
2024-10-15 11:09:00 [main] DEBUG o.m.s.mapper.ClassPathMapperScanner - Enabling autowire by type for MapperFactoryBean with name 'matchMapper'.
2024-10-15 11:09:00 [main] DEBUG o.m.s.mapper.ClassPathMapperScanner - Creating MapperFactoryBean with name 'seatPriceMapper' and 'com.bidsystem.bid.mapper.SeatPriceMapper' mapperInterface
2024-10-15 11:09:00 [main] DEBUG o.m.s.mapper.ClassPathMapperScanner - Enabling autowire by type for MapperFactoryBean with name 'seatPriceMapper'.
2024-10-15 11:09:00 [main] DEBUG o.m.s.mapper.ClassPathMapperScanner - Creating MapperFactoryBean with name 'userMapper' and 'com.bidsystem.bid.mapper.UserMapper' mapperInterface
2024-10-15 11:09:00 [main] DEBUG o.m.s.mapper.ClassPathMapperScanner - Enabling autowire by type for MapperFactoryBean with name 'userMapper'.
2024-10-15 11:09:00 [main] DEBUG o.m.s.mapper.ClassPathMapperScanner - Creating MapperFactoryBean with name 'venueMapper' and 'com.bidsystem.bid.mapper.VenueMapper' mapperInterface
2024-10-15 11:09:00 [main] DEBUG o.m.s.mapper.ClassPathMapperScanner - Enabling autowire by type for MapperFactoryBean with name 'venueMapper'.
2024-10-15 11:09:01 [main] DEBUG o.m.spring.SqlSessionFactoryBean - Property 'configuration' or 'configLocation' not specified, using default MyBatis Configuration
2024-10-15 11:09:01 [main] DEBUG o.m.spring.SqlSessionFactoryBean - Parsed mapper file: 'file [C:\Users\gram\Desktop\bidserver\target\classes\mapper\AdminMapper.xml]'
2024-10-15 11:09:01 [main] DEBUG o.m.spring.SqlSessionFactoryBean - Parsed mapper file: 'file [C:\Users\gram\Desktop\bidserver\target\classes\mapper\BidMapper.xml]'
2024-10-15 11:09:01 [main] DEBUG o.m.spring.SqlSessionFactoryBean - Parsed mapper file: 'file [C:\Users\gram\Desktop\bidserver\target\classes\mapper\MatchMapper.xml]'
2024-10-15 11:09:01 [main] DEBUG o.m.spring.SqlSessionFactoryBean - Parsed mapper file: 'file [C:\Users\gram\Desktop\bidserver\target\classes\mapper\player_SQL.xml]'
2024-10-15 11:09:01 [main] DEBUG o.m.spring.SqlSessionFactoryBean - Parsed mapper file: 'file [C:\Users\gram\Desktop\bidserver\target\classes\mapper\SeatPriceMapper.xml]'
2024-10-15 11:09:01 [main] DEBUG o.m.spring.SqlSessionFactoryBean - Parsed mapper file: 'file [C:\Users\gram\Desktop\bidserver\target\classes\mapper\UserMapper.xml]'
2024-10-15 11:09:01 [main] DEBUG o.m.spring.SqlSessionFactoryBean - Parsed mapper file: 'file [C:\Users\gram\Desktop\bidserver\target\classes\mapper\VenueMapper.xml]'
2024-10-15 11:09:02 [main] WARN  o.s.b.a.s.s.UserDetailsServiceAutoConfiguration - 

Using generated security password: dcc83f08-8194-4a7c-937b-05ab07dbf4b4

This generated password is for development use only. Your security configuration must be updated before running your application in production.

2024-10-15 11:09:02 [main] INFO  com.bidsystem.bid.BidApplication - 

==================== BidApplication에서 CORS configuration 이 적용됩니다. ====================

2024-10-15 11:09:02 [main] INFO  c.b.bid.config.SecurityConfig - 
======================== SecurityFilterChain 초기화가 시작됩니다...

2024-10-15 11:09:02 [main] INFO  c.b.bid.config.SecurityConfig - 

======================== Authorization rules 적용됨.

2024-10-15 11:09:02 [main] INFO  o.s.s.web.DefaultSecurityFilterChain - Will secure any request with [org.springframework.security.web.session.DisableEncodeUrlFilter@43a7203e, org.springframework.security.web.context.request.async.WebAsyncManagerIntegrationFilter@2c678c7b, org.springframework.security.web.context.SecurityContextHolderFilter@25fd6d1e, org.springframework.security.web.header.HeaderWriterFilter@39a7eca5, org.springframework.security.web.authentication.logout.LogoutFilter@3d3930fe, com.bidsystem.bid.config.SecurityConfig$CustomLoggingFilter@a5e8260, org.springframework.security.web.authentication.www.BasicAuthenticationFilter@5df64b2a, org.springframework.security.web.savedrequest.RequestCacheAwareFilter@c11332b, org.springframework.security.web.servletapi.SecurityContextHolderAwareRequestFilter@5d27b4c1, org.springframework.security.web.authentication.AnonymousAuthenticationFilter@30c7be6f, org.springframework.security.web.access.ExceptionTranslationFilter@48368a08, org.springframework.security.web.access.intercept.AuthorizationFilter@57bdceaa]
2024-10-15 11:09:03 [main] INFO  com.BidApplicationTests - Started BidApplicationTests in 4.026 seconds (process running for 5.462)
2024-10-15 11:09:11 [main] INFO  com.bidsystem.bid.BidApplication - Starting BidApplication using Java 23 with PID 416 (C:\Users\gram\Desktop\bidserver\target\classes started by gram in C:\Users\gram\Desktop\bidserver)
2024-10-15 11:09:11 [main] INFO  com.bidsystem.bid.BidApplication - No active profile set, falling back to 1 default profile: "default"
2024-10-15 11:09:12 [main] INFO  o.s.d.r.c.RepositoryConfigurationDelegate - Multiple Spring Data modules found, entering strict repository configuration mode
2024-10-15 11:09:12 [main] INFO  o.s.d.r.c.RepositoryConfigurationDelegate - Bootstrapping Spring Data Redis repositories in DEFAULT mode.
2024-10-15 11:09:12 [main] INFO  o.s.d.r.c.RepositoryConfigurationDelegate - Finished Spring Data repository scanning in 23 ms. Found 0 Redis repository interfaces.
2024-10-15 11:09:12 [main] DEBUG o.m.s.mapper.ClassPathMapperScanner - Identified candidate component class: file [C:\Users\gram\Desktop\bidserver\target\classes\com\bidsystem\bid\mapper\AdminMapper.class]
2024-10-15 11:09:12 [main] DEBUG o.m.s.mapper.ClassPathMapperScanner - Identified candidate component class: file [C:\Users\gram\Desktop\bidserver\target\classes\com\bidsystem\bid\mapper\BidMapper.class]
2024-10-15 11:09:12 [main] DEBUG o.m.s.mapper.ClassPathMapperScanner - Identified candidate component class: file [C:\Users\gram\Desktop\bidserver\target\classes\com\bidsystem\bid\mapper\MatchMapper.class]
2024-10-15 11:09:12 [main] DEBUG o.m.s.mapper.ClassPathMapperScanner - Identified candidate component class: file [C:\Users\gram\Desktop\bidserver\target\classes\com\bidsystem\bid\mapper\SeatPriceMapper.class]
2024-10-15 11:09:12 [main] DEBUG o.m.s.mapper.ClassPathMapperScanner - Identified candidate component class: file [C:\Users\gram\Desktop\bidserver\target\classes\com\bidsystem\bid\mapper\UserMapper.class]
2024-10-15 11:09:12 [main] DEBUG o.m.s.mapper.ClassPathMapperScanner - Identified candidate component class: file [C:\Users\gram\Desktop\bidserver\target\classes\com\bidsystem\bid\mapper\VenueMapper.class]
2024-10-15 11:09:12 [main] DEBUG o.m.s.mapper.ClassPathMapperScanner - Creating MapperFactoryBean with name 'adminMapper' and 'com.bidsystem.bid.mapper.AdminMapper' mapperInterface
2024-10-15 11:09:12 [main] DEBUG o.m.s.mapper.ClassPathMapperScanner - Enabling autowire by type for MapperFactoryBean with name 'adminMapper'.
2024-10-15 11:09:12 [main] DEBUG o.m.s.mapper.ClassPathMapperScanner - Creating MapperFactoryBean with name 'bidMapper' and 'com.bidsystem.bid.mapper.BidMapper' mapperInterface
2024-10-15 11:09:12 [main] DEBUG o.m.s.mapper.ClassPathMapperScanner - Enabling autowire by type for MapperFactoryBean with name 'bidMapper'.
2024-10-15 11:09:12 [main] DEBUG o.m.s.mapper.ClassPathMapperScanner - Creating MapperFactoryBean with name 'matchMapper' and 'com.bidsystem.bid.mapper.MatchMapper' mapperInterface
2024-10-15 11:09:12 [main] DEBUG o.m.s.mapper.ClassPathMapperScanner - Enabling autowire by type for MapperFactoryBean with name 'matchMapper'.
2024-10-15 11:09:12 [main] DEBUG o.m.s.mapper.ClassPathMapperScanner - Creating MapperFactoryBean with name 'seatPriceMapper' and 'com.bidsystem.bid.mapper.SeatPriceMapper' mapperInterface
2024-10-15 11:09:12 [main] DEBUG o.m.s.mapper.ClassPathMapperScanner - Enabling autowire by type for MapperFactoryBean with name 'seatPriceMapper'.
2024-10-15 11:09:12 [main] DEBUG o.m.s.mapper.ClassPathMapperScanner - Creating MapperFactoryBean with name 'userMapper' and 'com.bidsystem.bid.mapper.UserMapper' mapperInterface
2024-10-15 11:09:12 [main] DEBUG o.m.s.mapper.ClassPathMapperScanner - Enabling autowire by type for MapperFactoryBean with name 'userMapper'.
2024-10-15 11:09:12 [main] DEBUG o.m.s.mapper.ClassPathMapperScanner - Creating MapperFactoryBean with name 'venueMapper' and 'com.bidsystem.bid.mapper.VenueMapper' mapperInterface
2024-10-15 11:09:12 [main] DEBUG o.m.s.mapper.ClassPathMapperScanner - Enabling autowire by type for MapperFactoryBean with name 'venueMapper'.
2024-10-15 11:09:12 [main] INFO  o.s.b.w.e.tomcat.TomcatWebServer - Tomcat initialized with port(s): 5000 (http)
2024-10-15 11:09:12 [main] INFO  o.a.coyote.http11.Http11NioProtocol - Initializing ProtocolHandler ["http-nio-5000"]
2024-10-15 11:09:12 [main] INFO  o.a.catalina.core.StandardService - Starting service [Tomcat]
2024-10-15 11:09:12 [main] INFO  o.a.catalina.core.StandardEngine - Starting Servlet engine: [Apache Tomcat/10.1.15]
2024-10-15 11:09:13 [main] INFO  o.apache.jasper.servlet.TldScanner - At least one JAR was scanned for TLDs yet contained no TLDs. Enable debug logging for this logger for a complete list of JARs that were scanned but no TLDs were found in them. Skipping unneeded JARs during scanning can improve startup time and JSP compilation time.
2024-10-15 11:09:13 [main] INFO  o.a.c.c.C.[Tomcat].[localhost].[/] - Initializing Spring embedded WebApplicationContext
2024-10-15 11:09:13 [main] INFO  o.s.b.w.s.c.ServletWebServerApplicationContext - Root WebApplicationContext: initialization completed in 1624 ms
2024-10-15 11:09:13 [main] DEBUG o.m.spring.SqlSessionFactoryBean - Property 'configuration' or 'configLocation' not specified, using default MyBatis Configuration
2024-10-15 11:09:13 [main] DEBUG o.m.spring.SqlSessionFactoryBean - Parsed mapper file: 'file [C:\Users\gram\Desktop\bidserver\target\classes\mapper\AdminMapper.xml]'
2024-10-15 11:09:13 [main] DEBUG o.m.spring.SqlSessionFactoryBean - Parsed mapper file: 'file [C:\Users\gram\Desktop\bidserver\target\classes\mapper\BidMapper.xml]'
2024-10-15 11:09:13 [main] DEBUG o.m.spring.SqlSessionFactoryBean - Parsed mapper file: 'file [C:\Users\gram\Desktop\bidserver\target\classes\mapper\MatchMapper.xml]'
2024-10-15 11:09:13 [main] DEBUG o.m.spring.SqlSessionFactoryBean - Parsed mapper file: 'file [C:\Users\gram\Desktop\bidserver\target\classes\mapper\player_SQL.xml]'
2024-10-15 11:09:13 [main] DEBUG o.m.spring.SqlSessionFactoryBean - Parsed mapper file: 'file [C:\Users\gram\Desktop\bidserver\target\classes\mapper\SeatPriceMapper.xml]'
2024-10-15 11:09:13 [main] DEBUG o.m.spring.SqlSessionFactoryBean - Parsed mapper file: 'file [C:\Users\gram\Desktop\bidserver\target\classes\mapper\UserMapper.xml]'
2024-10-15 11:09:13 [main] DEBUG o.m.spring.SqlSessionFactoryBean - Parsed mapper file: 'file [C:\Users\gram\Desktop\bidserver\target\classes\mapper\VenueMapper.xml]'
2024-10-15 11:09:13 [main] WARN  o.s.b.a.s.s.UserDetailsServiceAutoConfiguration - 

Using generated security password: 1c82d095-3d21-4c83-8079-4e31ede6b8a6

This generated password is for development use only. Your security configuration must be updated before running your application in production.

2024-10-15 11:09:13 [main] INFO  com.bidsystem.bid.BidApplication - 

==================== BidApplication에서 CORS configuration 이 적용됩니다. ====================

2024-10-15 11:09:13 [main] INFO  c.b.bid.config.SecurityConfig - 
======================== SecurityFilterChain 초기화가 시작됩니다...

2024-10-15 11:09:13 [main] INFO  c.b.bid.config.SecurityConfig - 

======================== Authorization rules 적용됨.

2024-10-15 11:09:13 [main] INFO  o.s.s.web.DefaultSecurityFilterChain - Will secure any request with [org.springframework.security.web.session.DisableEncodeUrlFilter@25fd6d1e, org.springframework.security.web.context.request.async.WebAsyncManagerIntegrationFilter@23396fc0, org.springframework.security.web.context.SecurityContextHolderFilter@5408d4b3, org.springframework.security.web.header.HeaderWriterFilter@241fc278, org.springframework.security.web.authentication.logout.LogoutFilter@1214d23c, com.bidsystem.bid.config.SecurityConfig$CustomLoggingFilter@c11332b, org.springframework.security.web.authentication.www.BasicAuthenticationFilter@39a7eca5, org.springframework.security.web.savedrequest.RequestCacheAwareFilter@65a48cab, org.springframework.security.web.servletapi.SecurityContextHolderAwareRequestFilter@4e4d0a0b, org.springframework.security.web.authentication.AnonymousAuthenticationFilter@7e5e6573, org.springframework.security.web.access.ExceptionTranslationFilter@32e697ac, org.springframework.security.web.access.intercept.AuthorizationFilter@66715ca9]
2024-10-15 11:09:14 [main] INFO  o.a.coyote.http11.Http11NioProtocol - Starting ProtocolHandler ["http-nio-5000"]
2024-10-15 11:09:14 [main] INFO  o.s.b.w.e.tomcat.TomcatWebServer - Tomcat started on port(s): 5000 (http) with context path ''
2024-10-15 11:09:14 [main] INFO  com.bidsystem.bid.BidApplication - Started BidApplication in 3.48 seconds (process running for 4.01)
2024-10-15 11:09:14 [main] INFO  com.bidsystem.bid.BidApplication - 

=================== BidApplication 이 시작되었습니다.

2024-10-15 11:11:11 [main] INFO  com.bidsystem.bid.BidApplication - Starting BidApplication using Java 23 with PID 1368 (C:\Users\gram\Desktop\bidserver\target\classes started by gram in C:\Users\gram\Desktop\bidserver)
2024-10-15 11:11:11 [main] INFO  com.bidsystem.bid.BidApplication - No active profile set, falling back to 1 default profile: "default"
2024-10-15 11:11:12 [main] INFO  o.s.d.r.c.RepositoryConfigurationDelegate - Multiple Spring Data modules found, entering strict repository configuration mode
2024-10-15 11:11:12 [main] INFO  o.s.d.r.c.RepositoryConfigurationDelegate - Bootstrapping Spring Data Redis repositories in DEFAULT mode.
2024-10-15 11:11:12 [main] INFO  o.s.d.r.c.RepositoryConfigurationDelegate - Finished Spring Data repository scanning in 18 ms. Found 0 Redis repository interfaces.
2024-10-15 11:11:12 [main] DEBUG o.m.s.mapper.ClassPathMapperScanner - Identified candidate component class: file [C:\Users\gram\Desktop\bidserver\target\classes\com\bidsystem\bid\mapper\AdminMapper.class]
2024-10-15 11:11:12 [main] DEBUG o.m.s.mapper.ClassPathMapperScanner - Identified candidate component class: file [C:\Users\gram\Desktop\bidserver\target\classes\com\bidsystem\bid\mapper\BidMapper.class]
2024-10-15 11:11:12 [main] DEBUG o.m.s.mapper.ClassPathMapperScanner - Identified candidate component class: file [C:\Users\gram\Desktop\bidserver\target\classes\com\bidsystem\bid\mapper\MatchMapper.class]
2024-10-15 11:11:12 [main] DEBUG o.m.s.mapper.ClassPathMapperScanner - Identified candidate component class: file [C:\Users\gram\Desktop\bidserver\target\classes\com\bidsystem\bid\mapper\SeatPriceMapper.class]
2024-10-15 11:11:12 [main] DEBUG o.m.s.mapper.ClassPathMapperScanner - Identified candidate component class: file [C:\Users\gram\Desktop\bidserver\target\classes\com\bidsystem\bid\mapper\UserMapper.class]
2024-10-15 11:11:12 [main] DEBUG o.m.s.mapper.ClassPathMapperScanner - Identified candidate component class: file [C:\Users\gram\Desktop\bidserver\target\classes\com\bidsystem\bid\mapper\VenueMapper.class]
2024-10-15 11:11:12 [main] DEBUG o.m.s.mapper.ClassPathMapperScanner - Creating MapperFactoryBean with name 'adminMapper' and 'com.bidsystem.bid.mapper.AdminMapper' mapperInterface
2024-10-15 11:11:12 [main] DEBUG o.m.s.mapper.ClassPathMapperScanner - Enabling autowire by type for MapperFactoryBean with name 'adminMapper'.
2024-10-15 11:11:12 [main] DEBUG o.m.s.mapper.ClassPathMapperScanner - Creating MapperFactoryBean with name 'bidMapper' and 'com.bidsystem.bid.mapper.BidMapper' mapperInterface
2024-10-15 11:11:12 [main] DEBUG o.m.s.mapper.ClassPathMapperScanner - Enabling autowire by type for MapperFactoryBean with name 'bidMapper'.
2024-10-15 11:11:12 [main] DEBUG o.m.s.mapper.ClassPathMapperScanner - Creating MapperFactoryBean with name 'matchMapper' and 'com.bidsystem.bid.mapper.MatchMapper' mapperInterface
2024-10-15 11:11:12 [main] DEBUG o.m.s.mapper.ClassPathMapperScanner - Enabling autowire by type for MapperFactoryBean with name 'matchMapper'.
2024-10-15 11:11:12 [main] DEBUG o.m.s.mapper.ClassPathMapperScanner - Creating MapperFactoryBean with name 'seatPriceMapper' and 'com.bidsystem.bid.mapper.SeatPriceMapper' mapperInterface
2024-10-15 11:11:12 [main] DEBUG o.m.s.mapper.ClassPathMapperScanner - Enabling autowire by type for MapperFactoryBean with name 'seatPriceMapper'.
2024-10-15 11:11:12 [main] DEBUG o.m.s.mapper.ClassPathMapperScanner - Creating MapperFactoryBean with name 'userMapper' and 'com.bidsystem.bid.mapper.UserMapper' mapperInterface
2024-10-15 11:11:12 [main] DEBUG o.m.s.mapper.ClassPathMapperScanner - Enabling autowire by type for MapperFactoryBean with name 'userMapper'.
2024-10-15 11:11:12 [main] DEBUG o.m.s.mapper.ClassPathMapperScanner - Creating MapperFactoryBean with name 'venueMapper' and 'com.bidsystem.bid.mapper.VenueMapper' mapperInterface
2024-10-15 11:11:12 [main] DEBUG o.m.s.mapper.ClassPathMapperScanner - Enabling autowire by type for MapperFactoryBean with name 'venueMapper'.
2024-10-15 11:11:13 [main] INFO  o.s.b.w.e.tomcat.TomcatWebServer - Tomcat initialized with port(s): 5000 (http)
2024-10-15 11:11:13 [main] INFO  o.a.coyote.http11.Http11NioProtocol - Initializing ProtocolHandler ["http-nio-5000"]
2024-10-15 11:11:13 [main] INFO  o.a.catalina.core.StandardService - Starting service [Tomcat]
2024-10-15 11:11:13 [main] INFO  o.a.catalina.core.StandardEngine - Starting Servlet engine: [Apache Tomcat/10.1.15]
2024-10-15 11:11:13 [main] INFO  o.apache.jasper.servlet.TldScanner - At least one JAR was scanned for TLDs yet contained no TLDs. Enable debug logging for this logger for a complete list of JARs that were scanned but no TLDs were found in them. Skipping unneeded JARs during scanning can improve startup time and JSP compilation time.
2024-10-15 11:11:13 [main] INFO  o.a.c.c.C.[Tomcat].[localhost].[/] - Initializing Spring embedded WebApplicationContext
2024-10-15 11:11:13 [main] INFO  o.s.b.w.s.c.ServletWebServerApplicationContext - Root WebApplicationContext: initialization completed in 1811 ms
2024-10-15 11:11:13 [main] DEBUG o.m.spring.SqlSessionFactoryBean - Property 'configuration' or 'configLocation' not specified, using default MyBatis Configuration
2024-10-15 11:11:13 [main] DEBUG o.m.spring.SqlSessionFactoryBean - Parsed mapper file: 'file [C:\Users\gram\Desktop\bidserver\target\classes\mapper\AdminMapper.xml]'
2024-10-15 11:11:14 [main] DEBUG o.m.spring.SqlSessionFactoryBean - Parsed mapper file: 'file [C:\Users\gram\Desktop\bidserver\target\classes\mapper\BidMapper.xml]'
2024-10-15 11:11:14 [main] DEBUG o.m.spring.SqlSessionFactoryBean - Parsed mapper file: 'file [C:\Users\gram\Desktop\bidserver\target\classes\mapper\MatchMapper.xml]'
2024-10-15 11:11:14 [main] DEBUG o.m.spring.SqlSessionFactoryBean - Parsed mapper file: 'file [C:\Users\gram\Desktop\bidserver\target\classes\mapper\player_SQL.xml]'
2024-10-15 11:11:14 [main] DEBUG o.m.spring.SqlSessionFactoryBean - Parsed mapper file: 'file [C:\Users\gram\Desktop\bidserver\target\classes\mapper\SeatPriceMapper.xml]'
2024-10-15 11:11:14 [main] DEBUG o.m.spring.SqlSessionFactoryBean - Parsed mapper file: 'file [C:\Users\gram\Desktop\bidserver\target\classes\mapper\UserMapper.xml]'
2024-10-15 11:11:14 [main] DEBUG o.m.spring.SqlSessionFactoryBean - Parsed mapper file: 'file [C:\Users\gram\Desktop\bidserver\target\classes\mapper\VenueMapper.xml]'
2024-10-15 11:11:14 [main] WARN  o.s.b.a.s.s.UserDetailsServiceAutoConfiguration - 

Using generated security password: 1386da4a-f1c4-454f-896b-5d837c1fee98

This generated password is for development use only. Your security configuration must be updated before running your application in production.

2024-10-15 11:11:14 [main] INFO  com.bidsystem.bid.BidApplication - 

==================== BidApplication에서 CORS configuration 이 적용됩니다. ====================

2024-10-15 11:11:14 [main] INFO  c.b.bid.config.SecurityConfig - 
======================== SecurityFilterChain 초기화가 시작됩니다...

2024-10-15 11:11:14 [main] INFO  c.b.bid.config.SecurityConfig - 

======================== Authorization rules 적용됨.

2024-10-15 11:11:14 [main] INFO  o.s.s.web.DefaultSecurityFilterChain - Will secure any request with [org.springframework.security.web.session.DisableEncodeUrlFilter@467af68c, org.springframework.security.web.context.request.async.WebAsyncManagerIntegrationFilter@43786627, org.springframework.security.web.context.SecurityContextHolderFilter@78128dd0, org.springframework.security.web.header.HeaderWriterFilter@77ab5214, org.springframework.security.web.authentication.logout.LogoutFilter@714f1a44, com.bidsystem.bid.config.SecurityConfig$CustomLoggingFilter@1d6f77d7, org.springframework.security.web.authentication.www.BasicAuthenticationFilter@473847fb, org.springframework.security.web.savedrequest.RequestCacheAwareFilter@28dd81ad, org.springframework.security.web.servletapi.SecurityContextHolderAwareRequestFilter@6f24ce45, org.springframework.security.web.authentication.AnonymousAuthenticationFilter@65e620b0, org.springframework.security.web.access.ExceptionTranslationFilter@62108cd3, org.springframework.security.web.access.intercept.AuthorizationFilter@25fd6d1e]
2024-10-15 11:11:15 [main] INFO  o.a.coyote.http11.Http11NioProtocol - Starting ProtocolHandler ["http-nio-5000"]
2024-10-15 11:11:15 [main] INFO  o.s.b.w.e.tomcat.TomcatWebServer - Tomcat started on port(s): 5000 (http) with context path ''
2024-10-15 11:11:15 [main] INFO  com.bidsystem.bid.BidApplication - Started BidApplication in 3.745 seconds (process running for 4.244)
2024-10-15 11:11:15 [main] INFO  com.bidsystem.bid.BidApplication - 

=================== BidApplication 이 시작되었습니다.

